<?xml version="1.0" encoding="UTF-8"?>
<testsuite name="com.xprice.controller.PriceComparisonControllerTest" tests="1" skipped="0" failures="0" errors="0" timestamp="2024-06-25T10:45:39" hostname="Merts-MBP.home" time="0.092">
  <properties/>
  <testcase name="testGetMacBookAirM2Prices()" classname="com.xprice.controller.PriceComparisonControllerTest" time="0.092"/>
  <system-out><![CDATA[2024-06-25 13:45:38.868  INFO 16174 --- [    Test worker] .b.t.a.w.s.WebMvcTestContextBootstrapper : Neither @ContextConfiguration nor @ContextHierarchy found for test class [com.xprice.controller.PriceComparisonControllerTest], using SpringBootContextLoader
2024-06-25 13:45:38.869  INFO 16174 --- [    Test worker] o.s.t.c.support.AbstractContextLoader    : Could not detect default resource locations for test class [com.xprice.controller.PriceComparisonControllerTest]: no resource found for suffixes {-context.xml, Context.groovy}.
2024-06-25 13:45:38.869  INFO 16174 --- [    Test worker] t.c.s.AnnotationConfigContextLoaderUtils : Could not detect default configuration classes for test class [com.xprice.controller.PriceComparisonControllerTest]: PriceComparisonControllerTest does not declare any static, non-private, non-final, nested classes annotated with @Configuration.
2024-06-25 13:45:38.889  INFO 16174 --- [    Test worker] .b.t.c.SpringBootTestContextBootstrapper : Found @SpringBootConfiguration com.xprice.Application for test class com.xprice.controller.PriceComparisonControllerTest
2024-06-25 13:45:38.890  INFO 16174 --- [    Test worker] .b.t.a.w.s.WebMvcTestContextBootstrapper : Loaded default TestExecutionListener class names from location [META-INF/spring.factories]: [org.springframework.boot.test.autoconfigure.restdocs.RestDocsTestExecutionListener, org.springframework.boot.test.autoconfigure.web.client.MockRestServiceServerResetTestExecutionListener, org.springframework.boot.test.autoconfigure.web.servlet.MockMvcPrintOnlyOnFailureTestExecutionListener, org.springframework.boot.test.autoconfigure.web.servlet.WebDriverTestExecutionListener, org.springframework.boot.test.autoconfigure.webservices.client.MockWebServiceServerTestExecutionListener, org.springframework.boot.test.mock.mockito.MockitoTestExecutionListener, org.springframework.boot.test.mock.mockito.ResetMocksTestExecutionListener, org.springframework.test.context.web.ServletTestExecutionListener, org.springframework.test.context.support.DirtiesContextBeforeModesTestExecutionListener, org.springframework.test.context.event.ApplicationEventsTestExecutionListener, org.springframework.test.context.support.DependencyInjectionTestExecutionListener, org.springframework.test.context.support.DirtiesContextTestExecutionListener, org.springframework.test.context.transaction.TransactionalTestExecutionListener, org.springframework.test.context.jdbc.SqlScriptsTestExecutionListener, org.springframework.test.context.event.EventPublishingTestExecutionListener]
2024-06-25 13:45:38.891  INFO 16174 --- [    Test worker] .b.t.a.w.s.WebMvcTestContextBootstrapper : Using TestExecutionListeners: [org.springframework.test.context.web.ServletTestExecutionListener@2cfe272f, org.springframework.test.context.support.DirtiesContextBeforeModesTestExecutionListener@2f95653f, org.springframework.test.context.event.ApplicationEventsTestExecutionListener@4052b19f, org.springframework.boot.test.mock.mockito.MockitoTestExecutionListener@3dc68586, org.springframework.boot.test.autoconfigure.SpringBootDependencyInjectionTestExecutionListener@60dc1a4e, org.springframework.test.context.support.DirtiesContextTestExecutionListener@646427f7, org.springframework.test.context.event.EventPublishingTestExecutionListener@31efacad, org.springframework.boot.test.autoconfigure.restdocs.RestDocsTestExecutionListener@380ce5a3, org.springframework.boot.test.autoconfigure.web.client.MockRestServiceServerResetTestExecutionListener@38029686, org.springframework.boot.test.autoconfigure.web.servlet.MockMvcPrintOnlyOnFailureTestExecutionListener@7d9c45ee, org.springframework.boot.test.autoconfigure.web.servlet.WebDriverTestExecutionListener@31da0434, org.springframework.boot.test.autoconfigure.webservices.client.MockWebServiceServerTestExecutionListener@6e24ce51, org.springframework.boot.test.mock.mockito.ResetMocksTestExecutionListener@423ed3b5]

  .   ____          _            __ _ _
 /\\ / ___'_ __ _ _(_)_ __  __ _ \ \ \ \
( ( )\___ | '_ | '_| | '_ \/ _` | \ \ \ \
 \\/  ___)| |_)| | | | | || (_| |  ) ) ) )
  '  |____| .__|_| |_|_| |_\__, | / / / /
 =========|_|==============|___/=/_/_/_/
 :: Spring Boot ::                (v2.6.4)

2024-06-25 13:45:38.920  INFO 16174 --- [    Test worker] c.x.c.PriceComparisonControllerTest      : Starting PriceComparisonControllerTest using Java 19.0.2 on Merts-MBP.home with PID 16174 (started by mertagcakoyun in /Users/mertagcakoyun/Desktop/PriceScraper)
2024-06-25 13:45:38.921  INFO 16174 --- [    Test worker] c.x.c.PriceComparisonControllerTest      : No active profile set, falling back to 1 default profile: "default"
2024-06-25 13:45:39.302  INFO 16174 --- [    Test worker] o.s.b.t.m.w.SpringBootMockServletContext : Initializing Spring TestDispatcherServlet ''
2024-06-25 13:45:39.303  INFO 16174 --- [    Test worker] o.s.t.web.servlet.TestDispatcherServlet  : Initializing Servlet ''
2024-06-25 13:45:39.304  INFO 16174 --- [    Test worker] o.s.t.web.servlet.TestDispatcherServlet  : Completed initialization in 1 ms
2024-06-25 13:45:39.313  INFO 16174 --- [    Test worker] c.x.c.PriceComparisonControllerTest      : Started PriceComparisonControllerTest in 0.419 seconds (JVM running for 18.781)
]]></system-out>
  <system-err><![CDATA[]]></system-err>
</testsuite>
