<?xml version="1.0" encoding="UTF-8"?>
<testsuite name="com.xprice.controller.PriceComparisonControllerTest" tests="1" skipped="0" failures="0" errors="0" timestamp="2024-06-25T10:58:48" hostname="Merts-MBP.home" time="0.097">
  <properties/>
  <testcase name="testGetMacBookAirM2Prices()" classname="com.xprice.controller.PriceComparisonControllerTest" time="0.097"/>
  <system-out><![CDATA[2024-06-25 13:58:47.605  INFO 17483 --- [    Test worker] .b.t.a.w.s.WebMvcTestContextBootstrapper : Neither @ContextConfiguration nor @ContextHierarchy found for test class [com.xprice.controller.PriceComparisonControllerTest], using SpringBootContextLoader
2024-06-25 13:58:47.606  INFO 17483 --- [    Test worker] o.s.t.c.support.AbstractContextLoader    : Could not detect default resource locations for test class [com.xprice.controller.PriceComparisonControllerTest]: no resource found for suffixes {-context.xml, Context.groovy}.
2024-06-25 13:58:47.606  INFO 17483 --- [    Test worker] t.c.s.AnnotationConfigContextLoaderUtils : Could not detect default configuration classes for test class [com.xprice.controller.PriceComparisonControllerTest]: PriceComparisonControllerTest does not declare any static, non-private, non-final, nested classes annotated with @Configuration.
2024-06-25 13:58:47.618  INFO 17483 --- [    Test worker] .b.t.c.SpringBootTestContextBootstrapper : Found @SpringBootConfiguration com.xprice.Application for test class com.xprice.controller.PriceComparisonControllerTest
2024-06-25 13:58:47.619  INFO 17483 --- [    Test worker] .b.t.a.w.s.WebMvcTestContextBootstrapper : Loaded default TestExecutionListener class names from location [META-INF/spring.factories]: [org.springframework.boot.test.autoconfigure.restdocs.RestDocsTestExecutionListener, org.springframework.boot.test.autoconfigure.web.client.MockRestServiceServerResetTestExecutionListener, org.springframework.boot.test.autoconfigure.web.servlet.MockMvcPrintOnlyOnFailureTestExecutionListener, org.springframework.boot.test.autoconfigure.web.servlet.WebDriverTestExecutionListener, org.springframework.boot.test.autoconfigure.webservices.client.MockWebServiceServerTestExecutionListener, org.springframework.boot.test.mock.mockito.MockitoTestExecutionListener, org.springframework.boot.test.mock.mockito.ResetMocksTestExecutionListener, org.springframework.test.context.web.ServletTestExecutionListener, org.springframework.test.context.support.DirtiesContextBeforeModesTestExecutionListener, org.springframework.test.context.event.ApplicationEventsTestExecutionListener, org.springframework.test.context.support.DependencyInjectionTestExecutionListener, org.springframework.test.context.support.DirtiesContextTestExecutionListener, org.springframework.test.context.transaction.TransactionalTestExecutionListener, org.springframework.test.context.jdbc.SqlScriptsTestExecutionListener, org.springframework.test.context.event.EventPublishingTestExecutionListener]
2024-06-25 13:58:47.620  INFO 17483 --- [    Test worker] .b.t.a.w.s.WebMvcTestContextBootstrapper : Using TestExecutionListeners: [org.springframework.test.context.web.ServletTestExecutionListener@6ffd4c0d, org.springframework.test.context.support.DirtiesContextBeforeModesTestExecutionListener@74c9e11, org.springframework.test.context.event.ApplicationEventsTestExecutionListener@9fe720a, org.springframework.boot.test.mock.mockito.MockitoTestExecutionListener@149274cb, org.springframework.boot.test.autoconfigure.SpringBootDependencyInjectionTestExecutionListener@118acf70, org.springframework.test.context.support.DirtiesContextTestExecutionListener@72557746, org.springframework.test.context.event.EventPublishingTestExecutionListener@8c12524, org.springframework.boot.test.autoconfigure.restdocs.RestDocsTestExecutionListener@f723cdb, org.springframework.boot.test.autoconfigure.web.client.MockRestServiceServerResetTestExecutionListener@4844930a, org.springframework.boot.test.autoconfigure.web.servlet.MockMvcPrintOnlyOnFailureTestExecutionListener@11f23203, org.springframework.boot.test.autoconfigure.web.servlet.WebDriverTestExecutionListener@101bdd1c, org.springframework.boot.test.autoconfigure.webservices.client.MockWebServiceServerTestExecutionListener@e91af20, org.springframework.boot.test.mock.mockito.ResetMocksTestExecutionListener@6221b13b]

  .   ____          _            __ _ _
 /\\ / ___'_ __ _ _(_)_ __  __ _ \ \ \ \
( ( )\___ | '_ | '_| | '_ \/ _` | \ \ \ \
 \\/  ___)| |_)| | | | | || (_| |  ) ) ) )
  '  |____| .__|_| |_|_| |_\__, | / / / /
 =========|_|==============|___/=/_/_/_/
 :: Spring Boot ::                (v2.6.4)

2024-06-25 13:58:47.658  INFO 17483 --- [    Test worker] c.x.c.PriceComparisonControllerTest      : Starting PriceComparisonControllerTest using Java 19.0.2 on Merts-MBP.home with PID 17483 (started by mertagcakoyun in /Users/mertagcakoyun/Desktop/PriceScraper)
2024-06-25 13:58:47.658  INFO 17483 --- [    Test worker] c.x.c.PriceComparisonControllerTest      : No active profile set, falling back to 1 default profile: "default"
2024-06-25 13:58:48.075  INFO 17483 --- [    Test worker] o.s.b.t.m.w.SpringBootMockServletContext : Initializing Spring TestDispatcherServlet ''
2024-06-25 13:58:48.075  INFO 17483 --- [    Test worker] o.s.t.web.servlet.TestDispatcherServlet  : Initializing Servlet ''
2024-06-25 13:58:48.076  INFO 17483 --- [    Test worker] o.s.t.web.servlet.TestDispatcherServlet  : Completed initialization in 1 ms
2024-06-25 13:58:48.086  INFO 17483 --- [    Test worker] c.x.c.PriceComparisonControllerTest      : Started PriceComparisonControllerTest in 0.464 seconds (JVM running for 18.717)
]]></system-out>
  <system-err><![CDATA[]]></system-err>
</testsuite>
