<?xml version="1.0" encoding="UTF-8"?>
<testsuite name="com.xprice.service.PriceComparisonServiceTest" tests="1" skipped="0" failures="0" errors="0" timestamp="2024-06-25T07:53:49" hostname="Merts-MBP.home" time="0.046">
  <properties/>
  <testcase name="testGetMacBookAirM2Prices()" classname="com.xprice.service.PriceComparisonServiceTest" time="0.046"/>
  <system-out><![CDATA[]]></system-out>
  <system-err><![CDATA[]]></system-err>
</testsuite>
